<?xml version="1.0" encoding="UTF-8"?>
<!-- Generated by org.testng.reporters.JUnitReportReporter -->
<testsuite hostname="LAPTOP-QMK202VJ" name="TestCaseExecution.WestwingnowTest" tests="1" failures="0" timestamp="27 May 2021 10:12:20 GMT" time="37.586" errors="0">
  <testcase name="LoginPageOne" time="37.586" classname="TestCaseExecution.WestwingnowTest"/>
</testsuite> <!-- TestCaseExecution.WestwingnowTest -->
