<?xml version="1.0" encoding="UTF-8"?>
<!-- Generated by org.testng.reporters.JUnitReportReporter -->
<testsuite hostname="LAPTOP-QMK202VJ" name="SeleniumBasics.Testone" tests="1" failures="0" timestamp="26 May 2021 15:23:40 GMT" time="33.753" errors="0">
  <testcase name="setup" time="33.753" classname="SeleniumBasics.Testone"/>
</testsuite> <!-- SeleniumBasics.Testone -->
